# JRE version: OpenJDK Runtime Environment (7.0_51-b31) (build 1.7.0_51-b31)
# Java VM: OpenJDK 64-Bit Server VM (24.51-b03 mixed mode linux-amd64 compressed oops)
Heap
 par new generation   total 39296K, used 28457K [0x00000000bb400000, 0x00000000bdea0000, 0x00000000cae00000)
  eden space 34944K,  80% used [0x00000000bb400000, 0x00000000bcf71a30, 0x00000000bd620000)
  from space 4352K,   8% used [0x00000000bda60000, 0x00000000bdab8db8, 0x00000000bdea0000)
  to   space 4352K,   0% used [0x00000000bd620000, 0x00000000bd620000, 0x00000000bda60000)
 concurrent mark-sweep generation total 130808K, used 104473K [0x00000000cae00000, 0x00000000d2dbe000, 0x00000000ea200000)
 concurrent-mark-sweep perm gen total 176788K, used 106546K [0x00000000ea200000, 0x00000000f4ea5000, 0x0000000100000000)
GC Heap History (10 events):
Event: 22744.475 GC heap before
{Heap before GC invocations=326 (full 5):
 par new generation   total 39296K, used 35497K [0x00000000bb400000, 0x00000000bdea0000, 0x00000000cae00000)
  eden space 34944K, 100% used [0x00000000bb400000, 0x00000000bd620000, 0x00000000bd620000)
  from space 4352K,  12% used [0x00000000bd620000, 0x00000000bd6aa5d0, 0x00000000bda60000)
  to   space 4352K,   0% used [0x00000000bda60000, 0x00000000bda60000, 0x00000000bdea0000)
 concurrent mark-sweep generation total 130808K, used 104324K [0x00000000cae00000, 0x00000000d2dbe000, 0x00000000ea200000)
 concurrent-mark-sweep perm gen total 176788K, used 106542K [0x00000000ea200000, 0x00000000f4ea5000, 0x0000000100000000)
Event: 23197.913 GC heap after
Heap after GC invocations=327 (full 5):
 par new generation   total 39296K, used 604K [0x00000000bb400000, 0x00000000bdea0000, 0x00000000cae00000)
  eden space 34944K,   0% used [0x00000000bb400000, 0x00000000bb400000, 0x00000000bd620000)
  from space 4352K,  13% used [0x00000000bda60000, 0x00000000bdaf7298, 0x00000000bdea0000)
  to   space 4352K,   0% used [0x00000000bd620000, 0x00000000bd620000, 0x00000000bda60000)
 concurrent mark-sweep generation total 130808K, used 104337K [0x00000000cae00000, 0x00000000d2dbe000, 0x00000000ea200000)
 concurrent-mark-sweep perm gen total 176788K, used 106542K [0x00000000ea200000, 0x00000000f4ea5000, 0x0000000100000000)
}
Event: 26064.712 GC heap before
{Heap before GC invocations=327 (full 5):
 par new generation   total 39296K, used 35548K [0x00000000bb400000, 0x00000000bdea0000, 0x00000000cae00000)
  eden space 34944K, 100% used [0x00000000bb400000, 0x00000000bd620000, 0x00000000bd620000)
  from space 4352K,  13% used [0x00000000bda60000, 0x00000000bdaf7298, 0x00000000bdea0000)
  to   space 4352K,   0% used [0x00000000bd620000, 0x00000000bd620000, 0x00000000bda60000)
 concurrent mark-sweep generation total 130808K, used 104337K [0x00000000cae00000, 0x00000000d2dbe000, 0x00000000ea200000)
 concurrent-mark-sweep perm gen total 176788K, used 106543K [0x00000000ea200000, 0x00000000f4ea5000, 0x0000000100000000)
Event: 26098.972 GC heap after
Heap after GC invocations=328 (full 5):
 par new generation   total 39296K, used 666K [0x00000000bb400000, 0x00000000bdea0000, 0x00000000cae00000)
  eden space 34944K,   0% used [0x00000000bb400000, 0x00000000bb400000, 0x00000000bd620000)
  from space 4352K,  15% used [0x00000000bd620000, 0x00000000bd6c6928, 0x00000000bda60000)
  to   space 4352K,   0% used [0x00000000bda60000, 0x00000000bda60000, 0x00000000bdea0000)
 concurrent mark-sweep generation total 130808K, used 104351K [0x00000000cae00000, 0x00000000d2dbe000, 0x00000000ea200000)
 concurrent-mark-sweep perm gen total 176788K, used 106543K [0x00000000ea200000, 0x00000000f4ea5000, 0x0000000100000000)
}
Event: 31787.438 GC heap before
{Heap before GC invocations=328 (full 5):
 par new generation   total 39296K, used 35610K [0x00000000bb400000, 0x00000000bdea0000, 0x00000000cae00000)
  eden space 34944K, 100% used [0x00000000bb400000, 0x00000000bd620000, 0x00000000bd620000)
  from space 4352K,  15% used [0x00000000bd620000, 0x00000000bd6c6928, 0x00000000bda60000)
  to   space 4352K,   0% used [0x00000000bda60000, 0x00000000bda60000, 0x00000000bdea0000)
 concurrent mark-sweep generation total 130808K, used 104351K [0x00000000cae00000, 0x00000000d2dbe000, 0x00000000ea200000)
 concurrent-mark-sweep perm gen total 176788K, used 106545K [0x00000000ea200000, 0x00000000f4ea5000, 0x0000000100000000)
Event: 31834.144 GC heap after
Heap after GC invocations=329 (full 5):
 par new generation   total 39296K, used 900K [0x00000000bb400000, 0x00000000bdea0000, 0x00000000cae00000)
  eden space 34944K,   0% used [0x00000000bb400000, 0x00000000bb400000, 0x00000000bd620000)
  from space 4352K,  20% used [0x00000000bda60000, 0x00000000bdb413d8, 0x00000000bdea0000)
  to   space 4352K,   0% used [0x00000000bd620000, 0x00000000bd620000, 0x00000000bda60000)
 concurrent mark-sweep generation total 130808K, used 104364K [0x00000000cae00000, 0x00000000d2dbe000, 0x00000000ea200000)
 concurrent-mark-sweep perm gen total 176788K, used 106545K [0x00000000ea200000, 0x00000000f4ea5000, 0x0000000100000000)
}
Event: 33501.221 GC heap before
{Heap before GC invocations=329 (full 5):
 par new generation   total 39296K, used 36633K [0x00000000bb400000, 0x00000000bdea0000, 0x00000000cae00000)
  eden space 34944K, 100% used [0x00000000bb400000, 0x00000000bd620000, 0x00000000bd620000)
  from space 4352K,  38% used [0x00000000bda60000, 0x00000000bdc06408, 0x00000000bdea0000)
  to   space 4352K,   0% used [0x00000000bd620000, 0x00000000bd620000, 0x00000000bda60000)
 concurrent mark-sweep generation total 130808K, used 104364K [0x00000000cae00000, 0x00000000d2dbe000, 0x00000000ea200000)
 concurrent-mark-sweep perm gen total 176788K, used 106546K [0x00000000ea200000, 0x00000000f4ea5000, 0x0000000100000000)
Event: 33582.315 GC heap after
Heap after GC invocations=330 (full 5):
 par new generation   total 39296K, used 485K [0x00000000bb400000, 0x00000000bdea0000, 0x00000000cae00000)
  eden space 34944K,   0% used [0x00000000bb400000, 0x00000000bb400000, 0x00000000bd620000)
  from space 4352K,  11% used [0x00000000bd620000, 0x00000000bd6996e0, 0x00000000bda60000)
  to   space 4352K,   0% used [0x00000000bda60000, 0x00000000bda60000, 0x00000000bdea0000)
 concurrent mark-sweep generation total 130808K, used 104397K [0x00000000cae00000, 0x00000000d2dbe000, 0x00000000ea200000)
 concurrent-mark-sweep perm gen total 176788K, used 106546K [0x00000000ea200000, 0x00000000f4ea5000, 0x0000000100000000)
}
Event: 33607.073 GC heap before
{Heap before GC invocations=330 (full 5):
 par new generation   total 39296K, used 850K [0x00000000bb400000, 0x00000000bdea0000, 0x00000000cae00000)
  eden space 34944K,   1% used [0x00000000bb400000, 0x00000000bb45b1e8, 0x00000000bd620000)
  from space 4352K,  11% used [0x00000000bd620000, 0x00000000bd6996e0, 0x00000000bda60000)
  to   space 4352K,   0% used [0x00000000bda60000, 0x00000000bda60000, 0x00000000bdea0000)
 concurrent mark-sweep generation total 130808K, used 104397K [0x00000000cae00000, 0x00000000d2dbe000, 0x00000000ea200000)
 concurrent-mark-sweep perm gen total 176788K, used 106546K [0x00000000ea200000, 0x00000000f4ea5000, 0x0000000100000000)
Event: 33673.151 GC heap after
Heap after GC invocations=331 (full 5):
 par new generation   total 39296K, used 355K [0x00000000bb400000, 0x00000000bdea0000, 0x00000000cae00000)
  eden space 34944K,   0% used [0x00000000bb400000, 0x00000000bb400000, 0x00000000bd620000)
  from space 4352K,   8% used [0x00000000bda60000, 0x00000000bdab8db8, 0x00000000bdea0000)
  to   space 4352K,   0% used [0x00000000bd620000, 0x00000000bd620000, 0x00000000bda60000)
 concurrent mark-sweep generation total 130808K, used 104473K [0x00000000cae00000, 0x00000000d2dbe000, 0x00000000ea200000)
 concurrent-mark-sweep perm gen total 176788K, used 106546K [0x00000000ea200000, 0x00000000f4ea5000, 0x0000000100000000)
}

